<?xml version="1.0" encoding="UTF-8"?>
<testsuite xmlns:xsi="http://www.w3.org/2001/XMLSchema-instance" xsi:noNamespaceSchemaLocation="https://maven.apache.org/surefire/maven-surefire-plugin/xsd/surefire-test-report.xsd" name="com.example.MinTest" time="0.034" tests="10" errors="4" skipped="0" failures="2">
  <properties>
[...]
</properties>
  <testcase name="testMin[0]" classname="com.example.MinTest" time="0.005"/>
  <testcase name="testMin[1]" classname="com.example.MinTest" time="0"/>
  <testcase name="testMin[2]" classname="com.example.MinTest" time="0"/>
  <testcase name="testMin[3]" classname="com.example.MinTest" time="0"/>
  <testcase name="testMin[4]" classname="com.example.MinTest" time="0.001">
    <error message="Min.min" type="java.lang.IllegalArgumentException">java.lang.IllegalArgumentException: Min.min
	at com.example.MinTest.testMin(MinTest.java:147)
</error>
  </testcase>
  <testcase name="testMin[5]" classname="com.example.MinTest" time="0.001">
    <error message="Cannot invoke &quot;java.lang.Comparable.compareTo(Object)&quot; because &quot;comp&quot; is null" type="java.lang.NullPointerException">java.lang.NullPointerException: Cannot invoke "java.lang.Comparable.compareTo(Object)" because "comp" is null
	at com.example.MinTest.testMin(MinTest.java:147)
</error>
  </testcase>
  <testcase name="testMin[6]" classname="com.example.MinTest" time="0">
    <error message="class java.lang.String cannot be cast to class java.lang.Integer (java.lang.String and java.lang.Integer are in module java.base of loader &apos;bootstrap&apos;)" type="java.lang.ClassCastException">java.lang.ClassCastException: class java.lang.String cannot be cast to class java.lang.Integer (java.lang.String and java.lang.Integer are in module java.base of loader 'bootstrap')
	at com.example.MinTest.testMin(MinTest.java:147)
</error>
  </testcase>
  <testcase name="testMin[7]" classname="com.example.MinTest" time="0">
    <error message="Min.min" type="java.lang.NullPointerException">java.lang.NullPointerException: Min.min
	at com.example.MinTest.testMin(MinTest.java:147)
</error>
  </testcase>
  <testcase name="testMin[8]" classname="com.example.MinTest" time="0.001">
    <failure message="Should not return the expected (incorrect) value expected:&lt;2&gt; but was:&lt;1&gt;" type="java.lang.AssertionError"><![CDATA[java.lang.AssertionError: Should not return the expected (incorrect) value expected:<2> but was:<1>
	at com.example.MinTest.testMin(MinTest.java:150)
]]></failure>
  </testcase>
  <testcase name="testMin[9]" classname="com.example.MinTest" time="0">
    <failure message="Should not return the expected (incorrect) value expected:&lt;b&gt; but was:&lt;a&gt;" type="java.lang.AssertionError"><![CDATA[java.lang.AssertionError: Should not return the expected (incorrect) value expected:<b> but was:<a>
	at com.example.MinTest.testMin(MinTest.java:150)
]]></failure>
  </testcase>
</testsuite>